<?xml version="1.0" encoding="UTF-8"?>
<!-- Generated by org.testng.reporters.JUnitXMLReporter -->
<testsuite ignored="1" hostname="DESKTOP-FJ7R3VL" failures="0" tests="4" name="Default test" time="35.416" errors="0" timestamp="2022-09-07T19:03:48 IST">
  <testcase classname="Register.Register_Farmer" name="Login_Page" time="8.409"/>
  <testcase classname="Register.Register_Farmer" name="verifylink" time="4.17"/>
  <testcase classname="Register.Register_Farmer" name="enterFarmerDetails" time="10.862"/>
  <testcase classname="Register.Register_Farmer" name="clickOnClear" time="2.117"/>
  <testcase classname="Register.Register_Farmer" name="clickonSave" time="0.0">
    <ignored/>
  </testcase> <!-- clickonSave -->
</testsuite> <!-- Default test -->
