<?xml version="1.0" encoding="UTF-8"?>
<!-- Generated by org.testng.reporters.JUnitXMLReporter -->
<testsuite ignored="1" hostname="DESKTOP-FJ7R3VL" failures="0" tests="4" name="Test" time="39.78" errors="0" timestamp="2022-09-22T10:16:28 IST">
  <testcase classname="Register.Register_Farmer" name="Login_Page" time="8.369"/>
  <testcase classname="Register.Register_Farmer" name="verifylink" time="4.173"/>
  <testcase classname="Register.Register_Farmer" name="enterFarmerDetails" time="10.872"/>
  <testcase classname="Register.Register_Farmer" name="clickOnClear" time="2.113"/>
  <testcase classname="Register.Register_Farmer" name="clickonSave" time="0.0">
    <ignored/>
  </testcase> <!-- clickonSave -->
</testsuite> <!-- Test -->
