<?xml version="1.0" encoding="UTF-8"?>
<testng-results ignored="1" total="5" passed="4" failed="0" skipped="0">
  <reporter-output>
  </reporter-output>
  <suite started-at="2022-09-22T10:15:49 IST" name="Suite" finished-at="2022-09-22T10:16:28 IST" duration-ms="39780">
    <groups>
    </groups>
    <test started-at="2022-09-22T10:15:49 IST" name="Test" finished-at="2022-09-22T10:16:28 IST" duration-ms="39780">
      <class name="Register.Register_Farmer">
        <test-method is-config="true" signature="demo1()[pri:0, instance:Register.Register_Farmer@2a798d51]" started-at="2022-09-22T10:15:49 IST" name="demo1" finished-at="2022-09-22T10:16:03 IST" duration-ms="14197" status="PASS">
          <reporter-output>
          </reporter-output>
        </test-method> <!-- demo1 -->
        <test-method signature="Login_Page()[pri:0, instance:Register.Register_Farmer@2a798d51]" started-at="2022-09-22T10:16:03 IST" name="Login_Page" finished-at="2022-09-22T10:16:11 IST" duration-ms="8369" status="PASS">
          <reporter-output>
          </reporter-output>
        </test-method> <!-- Login_Page -->
        <test-method signature="verifylink()[pri:1, instance:Register.Register_Farmer@2a798d51]" started-at="2022-09-22T10:16:11 IST" name="verifylink" finished-at="2022-09-22T10:16:15 IST" duration-ms="4173" status="PASS">
          <reporter-output>
          </reporter-output>
        </test-method> <!-- verifylink -->
        <test-method signature="enterFarmerDetails()[pri:2, instance:Register.Register_Farmer@2a798d51]" started-at="2022-09-22T10:16:15 IST" name="enterFarmerDetails" finished-at="2022-09-22T10:16:26 IST" duration-ms="10872" status="PASS">
          <reporter-output>
          </reporter-output>
        </test-method> <!-- enterFarmerDetails -->
        <test-method signature="clickOnClear()[pri:3, instance:Register.Register_Farmer@2a798d51]" started-at="2022-09-22T10:16:26 IST" name="clickOnClear" finished-at="2022-09-22T10:16:28 IST" duration-ms="2113" status="PASS">
          <reporter-output>
          </reporter-output>
        </test-method> <!-- clickOnClear -->
      </class> <!-- Register.Register_Farmer -->
    </test> <!-- Test -->
  </suite> <!-- Suite -->
</testng-results>
