<?xml version="1.0" encoding="UTF-8"?>
<testng-results ignored="1" total="5" passed="4" failed="0" skipped="0">
  <reporter-output>
  </reporter-output>
  <suite started-at="2022-09-07T19:03:13 IST" name="Default suite" finished-at="2022-09-07T19:03:48 IST" duration-ms="35416">
    <groups>
    </groups>
    <test started-at="2022-09-07T19:03:13 IST" name="Default test" finished-at="2022-09-07T19:03:48 IST" duration-ms="35416">
      <class name="Register.Register_Farmer">
        <test-method is-config="true" signature="demo1()[pri:0, instance:Register.Register_Farmer@368f2016]" started-at="2022-09-07T19:03:13 IST" name="demo1" finished-at="2022-09-07T19:03:22 IST" duration-ms="9804" status="PASS">
          <reporter-output>
          </reporter-output>
        </test-method> <!-- demo1 -->
        <test-method signature="Login_Page()[pri:0, instance:Register.Register_Farmer@368f2016]" started-at="2022-09-07T19:03:22 IST" name="Login_Page" finished-at="2022-09-07T19:03:31 IST" duration-ms="8409" status="PASS">
          <reporter-output>
          </reporter-output>
        </test-method> <!-- Login_Page -->
        <test-method signature="verifylink()[pri:1, instance:Register.Register_Farmer@368f2016]" started-at="2022-09-07T19:03:31 IST" name="verifylink" finished-at="2022-09-07T19:03:35 IST" duration-ms="4170" status="PASS">
          <reporter-output>
          </reporter-output>
        </test-method> <!-- verifylink -->
        <test-method signature="enterFarmerDetails()[pri:2, instance:Register.Register_Farmer@368f2016]" started-at="2022-09-07T19:03:35 IST" name="enterFarmerDetails" finished-at="2022-09-07T19:03:46 IST" duration-ms="10862" status="PASS">
          <reporter-output>
          </reporter-output>
        </test-method> <!-- enterFarmerDetails -->
        <test-method signature="clickOnClear()[pri:3, instance:Register.Register_Farmer@368f2016]" started-at="2022-09-07T19:03:46 IST" name="clickOnClear" finished-at="2022-09-07T19:03:48 IST" duration-ms="2117" status="PASS">
          <reporter-output>
          </reporter-output>
        </test-method> <!-- clickOnClear -->
      </class> <!-- Register.Register_Farmer -->
    </test> <!-- Default test -->
  </suite> <!-- Default suite -->
</testng-results>
